{"/Users/anton/Desktop/netology/homework/Math-log-trig-/src/js/AdjustedCharacter.js": {"path":"/Users/anton/Desktop/netology/homework/Math-log-trig-/src/js/AdjustedCharacter.js","statementMap":{"0":{"start":{"line":6,"column":4},"end":{"line":6,"column":22}},"1":{"start":{"line":7,"column":4},"end":{"line":7,"column":29}},"2":{"start":{"line":8,"column":4},"end":{"line":8,"column":25}},"3":{"start":{"line":9,"column":4},"end":{"line":9,"column":33}},"4":{"start":{"line":13,"column":29},"end":{"line":13,"column":55}},"5":{"start":{"line":14,"column":4},"end":{"line":14,"column":89}},"6":{"start":{"line":18,"column":29},"end":{"line":18,"column":58}},"7":{"start":{"line":19,"column":4},"end":{"line":19,"column":71}},"8":{"start":{"line":23,"column":29},"end":{"line":23,"column":57}},"9":{"start":{"line":24,"column":4},"end":{"line":24,"column":72}}},"fnMap":{"0":{"name":"(anonymous_0)","decl":{"start":{"line":5,"column":2},"end":{"line":5,"column":3}},"loc":{"start":{"line":5,"column":56},"end":{"line":10,"column":3}},"line":5},"1":{"name":"(anonymous_1)","decl":{"start":{"line":12,"column":2},"end":{"line":12,"column":3}},"loc":{"start":{"line":12,"column":15},"end":{"line":15,"column":3}},"line":12},"2":{"name":"(anonymous_2)","decl":{"start":{"line":17,"column":2},"end":{"line":17,"column":3}},"loc":{"start":{"line":17,"column":24},"end":{"line":20,"column":3}},"line":17},"3":{"name":"(anonymous_3)","decl":{"start":{"line":22,"column":2},"end":{"line":22,"column":3}},"loc":{"start":{"line":22,"column":42},"end":{"line":25,"column":3}},"line":22}},"branchMap":{"0":{"loc":{"start":{"line":14,"column":11},"end":{"line":14,"column":88}},"type":"cond-expr","locations":[{"start":{"line":14,"column":25},"end":{"line":14,"column":69}},{"start":{"line":14,"column":72},"end":{"line":14,"column":88}}],"line":14}},"s":{"0":3,"1":3,"2":3,"3":3,"4":3,"5":3,"6":3,"7":3,"8":2,"9":2},"f":{"0":3,"1":3,"2":3,"3":2},"b":{"0":[2,1]},"_coverageSchema":"1a1c01bbd47fc00a2c39e90264f33305004495a9","hash":"a013846ec491ab1aded31ae2308202489bd3c2ea"}
,"/Users/anton/Desktop/netology/homework/Math-log-trig-/src/js/Character.js": {"path":"/Users/anton/Desktop/netology/homework/Math-log-trig-/src/js/Character.js","statementMap":{"0":{"start":{"line":3,"column":6},"end":{"line":3,"column":23}},"1":{"start":{"line":4,"column":6},"end":{"line":4,"column":23}},"2":{"start":{"line":5,"column":6},"end":{"line":5,"column":24}},"3":{"start":{"line":6,"column":6},"end":{"line":6,"column":21}},"4":{"start":{"line":8,"column":6},"end":{"line":8,"column":26}},"5":{"start":{"line":9,"column":6},"end":{"line":9,"column":26}},"6":{"start":{"line":13,"column":25},"end":{"line":20,"column":7}},"7":{"start":{"line":21,"column":6},"end":{"line":23,"column":7}},"8":{"start":{"line":22,"column":8},"end":{"line":22,"column":40}},"9":{"start":{"line":27,"column":6},"end":{"line":29,"column":7}},"10":{"start":{"line":28,"column":8},"end":{"line":28,"column":40}}},"fnMap":{"0":{"name":"(anonymous_0)","decl":{"start":{"line":2,"column":4},"end":{"line":2,"column":5}},"loc":{"start":{"line":2,"column":28},"end":{"line":10,"column":5}},"line":2},"1":{"name":"(anonymous_1)","decl":{"start":{"line":12,"column":4},"end":{"line":12,"column":5}},"loc":{"start":{"line":12,"column":19},"end":{"line":24,"column":5}},"line":12},"2":{"name":"(anonymous_2)","decl":{"start":{"line":26,"column":4},"end":{"line":26,"column":5}},"loc":{"start":{"line":26,"column":19},"end":{"line":30,"column":5}},"line":26}},"branchMap":{"0":{"loc":{"start":{"line":21,"column":6},"end":{"line":23,"column":7}},"type":"if","locations":[{"start":{"line":21,"column":6},"end":{"line":23,"column":7}},{"start":{},"end":{}}],"line":21},"1":{"loc":{"start":{"line":27,"column":6},"end":{"line":29,"column":7}},"type":"if","locations":[{"start":{"line":27,"column":6},"end":{"line":29,"column":7}},{"start":{},"end":{}}],"line":27},"2":{"loc":{"start":{"line":27,"column":10},"end":{"line":27,"column":55}},"type":"binary-expr","locations":[{"start":{"line":27,"column":10},"end":{"line":27,"column":30}},{"start":{"line":27,"column":34},"end":{"line":27,"column":55}}],"line":27}},"s":{"0":7,"1":7,"2":7,"3":7,"4":7,"5":5,"6":5,"7":5,"8":1,"9":7,"10":2},"f":{"0":7,"1":5,"2":7},"b":{"0":[1,4],"1":[2,5],"2":[7,6]},"_coverageSchema":"1a1c01bbd47fc00a2c39e90264f33305004495a9","hash":"3220b69eba87ac5e69df454171c0bc7a983ac6aa"}
,"/Users/anton/Desktop/netology/homework/Math-log-trig-/src/js/Magician.js": {"path":"/Users/anton/Desktop/netology/homework/Math-log-trig-/src/js/Magician.js","statementMap":{"0":{"start":{"line":5,"column":8},"end":{"line":5,"column":42}},"1":{"start":{"line":6,"column":8},"end":{"line":6,"column":27}},"2":{"start":{"line":7,"column":8},"end":{"line":7,"column":30}},"3":{"start":{"line":8,"column":8},"end":{"line":8,"column":26}}},"fnMap":{"0":{"name":"(anonymous_0)","decl":{"start":{"line":4,"column":4},"end":{"line":4,"column":5}},"loc":{"start":{"line":4,"column":32},"end":{"line":9,"column":7}},"line":4}},"branchMap":{},"s":{"0":3,"1":3,"2":3,"3":3},"f":{"0":3},"b":{},"_coverageSchema":"1a1c01bbd47fc00a2c39e90264f33305004495a9","hash":"97015699eb27cdbdd1f7917c26a72159de5c2493"}
}
