TN:
SF:src/js/AdjustedCharacter.js
FN:5,(anonymous_0)
FN:12,(anonymous_1)
FN:17,(anonymous_2)
FN:22,(anonymous_3)
FNF:4
FNH:4
FNDA:3,(anonymous_0)
FNDA:3,(anonymous_1)
FNDA:3,(anonymous_2)
FNDA:2,(anonymous_3)
DA:6,3
DA:7,3
DA:8,3
DA:9,3
DA:13,3
DA:14,3
DA:18,3
DA:19,3
DA:23,2
DA:24,2
LF:10
LH:10
BRDA:14,0,0,2
BRDA:14,0,1,1
BRF:2
BRH:2
end_of_record
TN:
SF:src/js/Character.js
FN:2,(anonymous_0)
FN:12,(anonymous_1)
FN:26,(anonymous_2)
FNF:3
FNH:3
FNDA:7,(anonymous_0)
FNDA:5,(anonymous_1)
FNDA:7,(anonymous_2)
DA:3,7
DA:4,7
DA:5,7
DA:6,7
DA:8,7
DA:9,5
DA:13,5
DA:21,5
DA:22,1
DA:27,7
DA:28,2
LF:11
LH:11
BRDA:21,0,0,1
BRDA:21,0,1,4
BRDA:27,1,0,2
BRDA:27,1,1,5
BRDA:27,2,0,7
BRDA:27,2,1,6
BRF:6
BRH:6
end_of_record
TN:
SF:src/js/Magician.js
FN:4,(anonymous_0)
FNF:1
FNH:1
FNDA:3,(anonymous_0)
DA:5,3
DA:6,3
DA:7,3
DA:8,3
LF:4
LH:4
BRF:0
BRH:0
end_of_record
